#
# There is insufficient memory for the Java Runtime Environment to continue.
# Native memory allocation (mmap) failed to map 264241152 bytes for G1 virtual space
# Possible reasons:
#   The system is out of physical RAM or swap space
#   The process is running with CompressedOops enabled, and the Java Heap may be blocking the growth of the native heap
# Possible solutions:
#   Reduce memory load on the system
#   Increase physical memory or swap space
#   Check if swap backing store is full
#   Decrease Java heap size (-Xmx/-Xms)
#   Decrease number of Java threads
#   Decrease Java thread stack sizes (-Xss)
#   Set larger code cache with -XX:ReservedCodeCacheSize=
#   JVM is running with Zero Based Compressed Oops mode in which the Java heap is
#     placed in the first 32GB address space. The Java Heap base address is the
#     maximum limit for the native heap growth. Please use -XX:HeapBaseMinAddress
#     to set the Java Heap base and to place the Java Heap above 32GB virtual address.
# This output file may be truncated or incomplete.
#
#  Out of Memory Error (os_windows.cpp:3535), pid=17720, tid=12400
#
# JRE version:  (17.0.4.1+1) (build )
# Java VM: Java HotSpot(TM) 64-Bit Server VM (17.0.4.1+1-LTS-2, mixed mode, sharing, tiered, compressed oops, compressed class ptrs, g1 gc, windows-amd64)
# No core dump will be written. Minidumps are not enabled by default on client versions of Windows
#

---------------  S U M M A R Y ------------

Command Line: -Dfile.encoding=UTF-8 -Dstdout.encoding=UTF-8 -Dstderr.encoding=UTF-8 --module-path=C:\HoGent\Jaar2\Semester 2\Software Development Project II\Java\2024-java-g01-24\SDPII\bin;C:\HoGent\Jaar2\Semester 1\Advanced Software Development I\Mockito\JARS_2023\byte-buddy-1.14.8.jar;C:\HoGent\Jaar2\Semester 1\Advanced Software Development I\Mockito\JARS_2023\byte-buddy-agent-1.14.8.jar;C:\HoGent\Jaar2\Semester 1\Advanced Software Development I\Mockito\JARS_2023\mockito-core-5.5.0.jar;C:\HoGent\Jaar2\Semester 1\Advanced Software Development I\Mockito\JARS_2023\mockito-junit-jupiter-5.5.0.jar;C:\HoGent\Jaar2\Semester 1\Advanced Software Development I\Mockito\JARS_2023\objenesis-3.3.jar;C:\Users\vikto\.p2\pool\plugins\junit-jupiter-api_5.10.0.jar;C:\Users\vikto\.p2\pool\plugins\junit-jupiter-engine_5.10.0.jar;C:\Users\vikto\.p2\pool\plugins\junit-jupiter-migrationsupport_5.10.0.jar;C:\Users\vikto\.p2\pool\plugins\junit-jupiter-params_5.10.0.jar;C:\Users\vikto\.p2\pool\plugins\junit-platform-commons_1.10.0.jar;C:\Users\vikto\.p2\pool\plugins\junit-platform-engine_1.10.0.jar;C:\Users\vikto\.p2\pool\plugins\junit-platform-launcher_1.10.0.jar;C:\Users\vikto\.p2\pool\plugins\junit-platform-runner_1.10.0.jar;C:\Users\vikto\.p2\pool\plugins\junit-platform-suite-api_1.10.0.jar;C:\Users\vikto\.p2\pool\plugins\junit-platform-suite-engine_1.10.0.jar;C:\Users\vikto\.p2\pool\plugins\junit-platform-suite-commons_1.10.0.jar;C:\Users\vikto\.p2\pool\plugins\junit-vintage-engine_5.10.0.jar;C:\Users\vikto\.p2\pool\plugins\org.opentest4j_1.3.0.jar;C:\Users\vikto\.p2\pool\plugins\org.apiguardian.api_1.1.2.jar;C:\Users\vikto\.p2\pool\plugins\org.junit_4.13.2.v20230809-1000.jar;C:\Users\vikto\.p2\pool\plugins\org.hamcrest_2.2.0.jar;C:\Users\vikto\.p2\pool\plugins\org.hamcrest.core_2.2.0.v20230809-1000.jar;C:\HoGent\Jaar2\Semester 2\Software Development Project II\Jars\SQL\jakarta.persistence-api-3.1.0.jar;C:\HoGent\Jaar2\Semester 2\Software Development Project II\Jars\jars\mail.jar;C:\Programs\javafx-sdk-21.0.2\lib\javafx.base.jar;C:\Programs\javafx-sdk-21.0.2\lib\java-XX:+ShowCodeDetailsInExceptionMessages -Djdk.module.main=SDPII SDPII/main.StartUp

Host: 12th Gen Intel(R) Core(TM) i7-1280P, 20 cores, 15G,  Windows 11 , 64 bit Build 22621 (10.0.22621.3527)
Time: Tue Jun 11 16:01:12 2024 Romance Daylight Time elapsed time: 0.014632 seconds (0d 0h 0m 0s)

---------------  T H R E A D  ---------------

Current thread (0x000001598d6e5240):  JavaThread "Unknown thread" [_thread_in_vm, id=12400, stack(0x00000014a8c00000,0x00000014a8d00000)]

Stack: [0x00000014a8c00000,0x00000014a8d00000]
Native frames: (J=compiled Java code, j=interpreted, Vv=VM code, C=native code)
V  [jvm.dll+0x6723ba]
V  [jvm.dll+0x7d1e34]
V  [jvm.dll+0x7d35de]
V  [jvm.dll+0x7d3c43]
V  [jvm.dll+0x243065]
V  [jvm.dll+0x66f2d9]
V  [jvm.dll+0x663c22]
V  [jvm.dll+0x3011cb]
V  [jvm.dll+0x308766]
V  [jvm.dll+0x35846e]
V  [jvm.dll+0x35869f]
V  [jvm.dll+0x2d83e8]
V  [jvm.dll+0x2d9354]
V  [jvm.dll+0x7a3911]
V  [jvm.dll+0x3662c1]
V  [jvm.dll+0x782d7c]
V  [jvm.dll+0x3e8c1f]
V  [jvm.dll+0x3ea6c1]
C  [jli.dll+0x527b]
C  [ucrtbase.dll+0x29333]
C  [KERNEL32.DLL+0x1257d]
C  [ntdll.dll+0x5aa48]


---------------  P R O C E S S  ---------------

Threads class SMR info:
_java_thread_list=0x00007ff826aea858, length=0, elements={
}

Java Threads: ( => current thread )

Other Threads:
  0x000001598d7518d0 GCTaskThread "GC Thread#0" [stack: 0x00000014a8d00000,0x00000014a8e00000] [id=30104]
  0x000001598d7a0010 ConcurrentGCThread "G1 Main Marker" [stack: 0x00000014a8e00000,0x00000014a8f00000] [id=864]
  0x000001598d7a0a20 ConcurrentGCThread "G1 Conc#0" [stack: 0x00000014a8f00000,0x00000014a9000000] [id=4488]

[error occurred during error reporting (printing all threads), id 0xc0000005, EXCEPTION_ACCESS_VIOLATION (0xc0000005) at pc=0x00007ff826338dd7]

VM state: not at safepoint (not fully initialized)

VM Mutex/Monitor currently owned by a thread:  ([mutex/lock_event])
[0x000001598d6e17e0] Heap_lock - owner thread: 0x000001598d6e5240

Heap address: 0x0000000704800000, size: 4024 MB, Compressed Oops mode: Zero based, Oop shift amount: 3

CDS archive(s) mapped at: [0x0000000000000000-0x0000000000000000-0x0000000000000000), size 0, SharedBaseAddress: 0x0000000800000000, ArchiveRelocationMode: 0.
Narrow klass base: 0x0000000000000000, Narrow klass shift: 0, Narrow klass range: 0x0

GC Precious Log:
<Empty>

Heap:
 garbage-first heap   total 0K, used 0K [0x0000000704800000, 0x0000000800000000)
  region size 2048K, 0 young (0K), 0 survivors (0K)

[error occurred during error reporting (printing heap information), id 0xc0000005, EXCEPTION_ACCESS_VIOLATION (0xc0000005) at pc=0x00007ff82671b869]

GC Heap History (0 events):
No events

Deoptimization events (0 events):
No events

Classes unloaded (0 events):
No events

Classes redefined (0 events):
No events

Internal exceptions (0 events):
No events

VM Operations (0 events):
No events

Events (1 events):
Event: 0.006 Loaded shared library C:\Program Files\Java\jdk-17.0.4.1\bin\java.dll


Dynamic libraries:
0x00007ff75c7c0000 - 0x00007ff75c7d0000 	C:\Program Files\Java\jdk-17.0.4.1\bin\javaw.exe
0x00007ff904c90000 - 0x00007ff904ea7000 	C:\WINDOWS\SYSTEM32\ntdll.dll
0x00007ff9042b0000 - 0x00007ff904374000 	C:\WINDOWS\System32\KERNEL32.DLL
0x00007ff902380000 - 0x00007ff902727000 	C:\WINDOWS\System32\KERNELBASE.dll
0x00007ff901fe0000 - 0x00007ff9020f1000 	C:\WINDOWS\System32\ucrtbase.dll
0x00007ff8f16b0000 - 0x00007ff8f16c8000 	C:\Program Files\Java\jdk-17.0.4.1\bin\jli.dll
0x00007ff8f16d0000 - 0x00007ff8f16ea000 	C:\Program Files\Java\jdk-17.0.4.1\bin\VCRUNTIME140.dll
0x00007ff9048c0000 - 0x00007ff904972000 	C:\WINDOWS\System32\ADVAPI32.dll
0x00007ff903240000 - 0x00007ff9032e7000 	C:\WINDOWS\System32\msvcrt.dll
0x00007ff904380000 - 0x00007ff904428000 	C:\WINDOWS\System32\sechost.dll
0x00007ff902730000 - 0x00007ff902758000 	C:\WINDOWS\System32\bcrypt.dll
0x00007ff904560000 - 0x00007ff904675000 	C:\WINDOWS\System32\RPCRT4.dll
0x00007ff902c10000 - 0x00007ff902dbe000 	C:\WINDOWS\System32\USER32.dll
0x00007ff901fb0000 - 0x00007ff901fd6000 	C:\WINDOWS\System32\win32u.dll
0x00007ff8f51e0000 - 0x00007ff8f5473000 	C:\WINDOWS\WinSxS\amd64_microsoft.windows.common-controls_6595b64144ccf1df_6.0.22621.3527_none_270e469b73872a76\COMCTL32.dll
0x00007ff904110000 - 0x00007ff904139000 	C:\WINDOWS\System32\GDI32.dll
0x00007ff9027e0000 - 0x00007ff9028f9000 	C:\WINDOWS\System32\gdi32full.dll
0x00007ff9022e0000 - 0x00007ff90237a000 	C:\WINDOWS\System32\msvcp_win.dll
0x00007ff8f6140000 - 0x00007ff8f614a000 	C:\WINDOWS\SYSTEM32\VERSION.dll
0x00007ff904980000 - 0x00007ff9049b1000 	C:\WINDOWS\System32\IMM32.DLL
0x00007ff8f5cd0000 - 0x00007ff8f5cdc000 	C:\Program Files\Java\jdk-17.0.4.1\bin\vcruntime140_1.dll
0x00007ff8a1940000 - 0x00007ff8a19cd000 	C:\Program Files\Java\jdk-17.0.4.1\bin\msvcp140.dll
0x00007ff826050000 - 0x00007ff826c12000 	C:\Program Files\Java\jdk-17.0.4.1\bin\server\jvm.dll
0x00007ff902b80000 - 0x00007ff902b88000 	C:\WINDOWS\System32\PSAPI.DLL
0x00007ff8f6740000 - 0x00007ff8f6774000 	C:\WINDOWS\SYSTEM32\WINMM.dll
0x00007ff8f8550000 - 0x00007ff8f8559000 	C:\WINDOWS\SYSTEM32\WSOCK32.dll
0x00007ff904840000 - 0x00007ff9048b1000 	C:\WINDOWS\System32\WS2_32.dll
0x00007ff9010c0000 - 0x00007ff9010d8000 	C:\WINDOWS\SYSTEM32\kernel.appcore.dll
0x00007ff8f16a0000 - 0x00007ff8f16aa000 	C:\Program Files\Java\jdk-17.0.4.1\bin\jimage.dll
0x00007ff8ff860000 - 0x00007ff8ffa92000 	C:\WINDOWS\SYSTEM32\DBGHELP.DLL
0x00007ff903d80000 - 0x00007ff904108000 	C:\WINDOWS\System32\combase.dll
0x00007ff904160000 - 0x00007ff904237000 	C:\WINDOWS\System32\OLEAUT32.dll
0x00007ff8f2b00000 - 0x00007ff8f2b32000 	C:\WINDOWS\SYSTEM32\dbgcore.DLL
0x00007ff902760000 - 0x00007ff9027d9000 	C:\WINDOWS\System32\bcryptPrimitives.dll
0x00007ff8ec210000 - 0x00007ff8ec235000 	C:\Program Files\Java\jdk-17.0.4.1\bin\java.dll

dbghelp: loaded successfully - version: 4.0.5 - missing functions: none
symbol engine: initialized successfully - sym options: 0x614 - pdb path: .;C:\Program Files\Java\jdk-17.0.4.1\bin;C:\WINDOWS\SYSTEM32;C:\WINDOWS\WinSxS\amd64_microsoft.windows.common-controls_6595b64144ccf1df_6.0.22621.3527_none_270e469b73872a76;C:\Program Files\Java\jdk-17.0.4.1\bin\server

VM Arguments:
jvm_args: -Dfile.encoding=UTF-8 -Dstdout.encoding=UTF-8 -Dstderr.encoding=UTF-8 --module-path=C:\HoGent\Jaar2\Semester 2\Software Development Project II\Java\2024-java-g01-24\SDPII\bin;C:\HoGent\Jaar2\Semester 1\Advanced Software Development I\Mockito\JARS_2023\byte-buddy-1.14.8.jar;C:\HoGent\Jaar2\Semester 1\Advanced Software Development I\Mockito\JARS_2023\byte-buddy-agent-1.14.8.jar;C:\HoGent\Jaar2\Semester 1\Advanced Software Development I\Mockito\JARS_2023\mockito-core-5.5.0.jar;C:\HoGent\Jaar2\Semester 1\Advanced Software Development I\Mockito\JARS_2023\mockito-junit-jupiter-5.5.0.jar;C:\HoGent\Jaar2\Semester 1\Advanced Software Development I\Mockito\JARS_2023\objenesis-3.3.jar;C:\Users\vikto\.p2\pool\plugins\junit-jupiter-api_5.10.0.jar;C:\Users\vikto\.p2\pool\plugins\junit-jupiter-engine_5.10.0.jar;C:\Users\vikto\.p2\pool\plugins\junit-jupiter-migrationsupport_5.10.0.jar;C:\Users\vikto\.p2\pool\plugins\junit-jupiter-params_5.10.0.jar;C:\Users\vikto\.p2\pool\plugins\junit-platform-commons_1.10.0.jar;C:\Users\vikto\.p2\pool\plugins\junit-platform-engine_1.10.0.jar;C:\Users\vikto\.p2\pool\plugins\junit-platform-launcher_1.10.0.jar;C:\Users\vikto\.p2\pool\plugins\junit-platform-runner_1.10.0.jar;C:\Users\vikto\.p2\pool\plugins\junit-platform-suite-api_1.10.0.jar;C:\Users\vikto\.p2\pool\plugins\junit-platform-suite-engine_1.10.0.jar;C:\Users\vikto\.p2\pool\plugins\junit-platform-suite-commons_1.10.0.jar;C:\Users\vikto\.p2\pool\plugins\junit-vintage-engine_5.10.0.jar;C:\Users\vikto\.p2\pool\plugins\org.opentest4j_1.3.0.jar;C:\Users\vikto\.p2\pool\plugins\org.apiguardian.api_1.1.2.jar;C:\Users\vikto\.p2\pool\plugins\org.junit_4.13.2.v20230809-1000.jar;C:\Users\vikto\.p2\pool\plugins\org.hamcrest_2.2.0.jar;C:\Users\vikto\.p2\pool\plugins\org.hamcrest.core_2.2.0.v20230809-1000.jar;C:\HoGent\Jaar2\Semester 2\Software Development Project II\Jars\SQL\jakarta.persistence-api-3.1.0.jar;C:\HoGent\Jaar2\Semester 2\Software Development Project II\Jars\jars\mail.jar;C:\Programs\javafx-sdk-21.0.2\lib\javafx.base.jar;C:\Programs\javafx-sdk-21.0.2\lib\java-XX:+ShowCodeDetailsInExceptionMessages -Djdk.module.main=SDPII 
java_command: SDPII/main.StartUp
java_class_path (initial): C:\HoGent\Jaar2\Semester 2\Software Development Project II\Jars\SQL\eclipselink-4.0.2.jar;C:\HoGent\Jaar2\Semester 2\Software Development Project II\Jars\SQL\mysql-connector-j-8.3.0.jar;C:\HoGent\Jaar2\Semester 2\Software Development Project II\Jars\jars\activation.jar
Launcher Type: SUN_STANDARD

[Global flags]
     intx CICompilerCount                          = 12                                        {product} {ergonomic}
     uint ConcGCThreads                            = 4                                         {product} {ergonomic}
     uint G1ConcRefinementThreads                  = 15                                        {product} {ergonomic}
   size_t G1HeapRegionSize                         = 2097152                                   {product} {ergonomic}
    uintx GCDrainStackTargetSize                   = 64                                        {product} {ergonomic}
   size_t InitialHeapSize                          = 264241152                                 {product} {ergonomic}
   size_t MarkStackSize                            = 4194304                                   {product} {ergonomic}
   size_t MaxHeapSize                              = 4219469824                                {product} {ergonomic}
   size_t MinHeapDeltaBytes                        = 2097152                                   {product} {ergonomic}
   size_t MinHeapSize                              = 8388608                                   {product} {ergonomic}
    uintx NonNMethodCodeHeapSize                   = 7602480                                {pd product} {ergonomic}
    uintx NonProfiledCodeHeapSize                  = 122027880                              {pd product} {ergonomic}
    uintx ProfiledCodeHeapSize                     = 122027880                              {pd product} {ergonomic}
    uintx ReservedCodeCacheSize                    = 251658240                              {pd product} {ergonomic}
     bool SegmentedCodeCache                       = true                                      {product} {ergonomic}
     bool ShowCodeDetailsInExceptionMessages       = true                                   {manageable} {command line}
   size_t SoftMaxHeapSize                          = 4219469824                             {manageable} {ergonomic}
     bool UseCompressedClassPointers               = true                           {product lp64_product} {ergonomic}
     bool UseCompressedOops                        = true                           {product lp64_product} {ergonomic}
     bool UseG1GC                                  = true                                      {product} {ergonomic}
     bool UseLargePagesIndividualAllocation        = false                                  {pd product} {ergonomic}

Logging:
Log output configuration:
 #0: stdout all=warning uptime,level,tags
 #1: stderr all=off uptime,level,tags

Environment Variables:
PATH=C:\Program Files\Common Files\Oracle\Java\javapath;C:\Windows\system32;C:\Windows;C:\Windows\System32\Wbem;C:\Windows\System32\WindowsPowerShell\v1.0\;C:\Windows\System32\OpenSSH\;C:\Program Files (x86)\NVIDIA Corporation\PhysX\Common;C:\Program Files\NVIDIA Corporation\NVIDIA NvDLISR;C:\Program Files\Git\cmd;C:\Program Files\dotnet\;C:\ProgramData\chocolatey\bin;C:\WINDOWS\system32;C:\WINDOWS;C:\WINDOWS\System32\Wbem;C:\WINDOWS\System32\WindowsPowerShell\v1.0\;C:\WINDOWS\System32\OpenSSH\;C:\Program Files\nodejs\;C:\Program Files (x86)\Microsoft SQL Server\150\DTS\Binn\;C:\Program Files\Azure Data Studio\bin;C:\Program Files\Microsoft SQL Server\Client SDK\ODBC\170\Tools\Binn\;C:\Program Files (x86)\Microsoft SQL Server\150\Tools\Binn\;C:\Program Files\Microsoft SQL Server\150\Tools\Binn\;C:\Program Files\Microsoft SQL Server\150\DTS\Binn\;C:\Program Files (x86)\Microsoft SQL Server\160\DTS\Binn\;C:\Program Files\MiKTeX\miktex\bin\x64\;C:\Program Files (x86)\cloudflared\;C:\Users\vikto\AppData\Local\Programs\Python\Python312\Scripts\;C:\Users\vikto\AppData\Local\Programs\Python\Python312\;C:\Users\vikto\AppData\Local\Programs\Python\Launcher\;C:\Users\vikto\AppData\Local\Microsoft\WindowsApps;C:\Programs\Microsoft VS Code\bin;C:\Program Files (x86)\Nmap;C:\Program Files\Oracle\VirtualBox;C:\Users\vikto\AppData\Local\GitHubDesktop\bin;C:\tools\mysql\current\bin;C:\Users\vikto\AppData\Roaming\npm;C:\Program Files\Azure Data Studio\bin;C:\Users\vikto\AppData\Local\gitkraken\bin
USERNAME=vikto
OS=Windows_NT
PROCESSOR_IDENTIFIER=Intel64 Family 6 Model 154 Stepping 3, GenuineIntel



---------------  S Y S T E M  ---------------

OS:
 Windows 11 , 64 bit Build 22621 (10.0.22621.3527)
OS uptime: 0 days 6:33 hours
Hyper-V role detected

CPU: total 20 (initial active 20) (10 cores per cpu, 2 threads per core) family 6 model 154 stepping 3 microcode 0x413, cx8, cmov, fxsr, ht, mmx, 3dnowpref, sse, sse2, sse3, ssse3, sse4.1, sse4.2, popcnt, lzcnt, tsc, tscinvbit, avx, avx2, aes, erms, clmul, bmi1, bmi2, adx, sha, fma, vzeroupper, clflush, clflushopt, clwb, hv

Memory: 4k page, system-wide physical 16088M (1475M free)
TotalPageFile size 27487M (AvailPageFile size 162M)
current process WorkingSet (physical memory assigned to process): 11M, peak: 11M
current process commit charge ("private bytes"): 75M, peak: 327M

vm_info: Java HotSpot(TM) 64-Bit Server VM (17.0.4.1+1-LTS-2) for windows-amd64 JRE (17.0.4.1+1-LTS-2), built on Aug 16 2022 18:32:06 by "mach5one" with MS VC++ 16.8 / 16.9 (VS2019)

END.
